<?xml version="1.0" encoding="UTF-8"?>
<testng-results ignored="0" total="1" passed="1" failed="0" skipped="0">
  <reporter-output>
  </reporter-output>
  <suite started-at="2024-08-01T19:01:35 IST" name="Default suite" finished-at="2024-08-01T19:01:59 IST" duration-ms="23635">
    <groups>
    </groups>
    <test started-at="2024-08-01T19:01:35 IST" name="Default test" finished-at="2024-08-01T19:01:59 IST" duration-ms="23635">
      <class name="cicd.classrcicd">
        <test-method is-config="true" signature="beforeMethod()[pri:0, instance:cicd.classrcicd@7f0eb4b4]" started-at="2024-08-01T19:01:35 IST" name="beforeMethod" finished-at="2024-08-01T19:01:52 IST" duration-ms="16635" status="PASS">
          <reporter-output>
          </reporter-output>
        </test-method> <!-- beforeMethod -->
        <test-method signature="f()[pri:0, instance:cicd.classrcicd@7f0eb4b4]" started-at="2024-08-01T19:01:52 IST" name="f" finished-at="2024-08-01T19:01:58 IST" duration-ms="6725" status="PASS">
          <reporter-output>
          </reporter-output>
        </test-method> <!-- f -->
        <test-method is-config="true" signature="afterMethod()[pri:0, instance:cicd.classrcicd@7f0eb4b4]" started-at="2024-08-01T19:01:58 IST" name="afterMethod" finished-at="2024-08-01T19:01:59 IST" duration-ms="234" status="PASS">
          <reporter-output>
          </reporter-output>
        </test-method> <!-- afterMethod -->
      </class> <!-- cicd.classrcicd -->
    </test> <!-- Default test -->
  </suite> <!-- Default suite -->
</testng-results>
