<?xml version="1.0" encoding="UTF-8"?>
<testng-results ignored="0" total="1" passed="1" failed="0" skipped="0">
  <reporter-output>
  </reporter-output>
  <suite started-at="2024-08-01T20:23:27 IST" name="Default suite" finished-at="2024-08-01T20:23:50 IST" duration-ms="23236">
    <groups>
    </groups>
    <test started-at="2024-08-01T20:23:27 IST" name="Default test" finished-at="2024-08-01T20:23:50 IST" duration-ms="23236">
      <class name="cicd.classrcicd">
        <test-method is-config="true" signature="beforeMethod()[pri:0, instance:cicd.classrcicd@7f3b84b8]" started-at="2024-08-01T20:23:27 IST" name="beforeMethod" finished-at="2024-08-01T20:23:43 IST" duration-ms="16200" status="PASS">
          <reporter-output>
          </reporter-output>
        </test-method> <!-- beforeMethod -->
        <test-method signature="f()[pri:0, instance:cicd.classrcicd@7f3b84b8]" started-at="2024-08-01T20:23:43 IST" name="f" finished-at="2024-08-01T20:23:50 IST" duration-ms="6788" status="PASS">
          <reporter-output>
          </reporter-output>
        </test-method> <!-- f -->
      </class> <!-- cicd.classrcicd -->
    </test> <!-- Default test -->
  </suite> <!-- Default suite -->
</testng-results>
